# JRE version: OpenJDK Runtime Environment (11.0.8+10) (build 11.0.8+10-b944.6842174)
# Java VM: OpenJDK 64-Bit Server VM (11.0.8+10-b944.6842174, mixed mode, tiered, compressed oops, g1 gc, windows-amd64)
Heap:
 garbage-first heap   total 172032K, used 143063K [0x0000000080000000, 0x0000000100000000)
  region size 1024K, 25 young (25600K), 1 survivors (1024K)
 Metaspace       used 119331K, capacity 122700K, committed 122908K, reserved 1157120K
  class space    used 14807K, capacity 15895K, committed 15948K, reserved 1048576K
GC Heap History (20 events):
Event: 54.892 GC heap before
{Heap before GC invocations=42 (full 0):
 garbage-first heap   total 172032K, used 145842K [0x0000000080000000, 0x0000000100000000)
  region size 1024K, 39 young (39936K), 6 survivors (6144K)
 Metaspace       used 115930K, capacity 118929K, committed 119196K, reserved 1153024K
  class space    used 14474K, capacity 15503K, committed 15564K, reserved 1048576K
}
Event: 54.910 GC heap after
{Heap after GC invocations=43 (full 0):
 garbage-first heap   total 172032K, used 115708K [0x0000000080000000, 0x0000000100000000)
  region size 1024K, 4 young (4096K), 4 survivors (4096K)
 Metaspace       used 115930K, capacity 118929K, committed 119196K, reserved 1153024K
  class space    used 14474K, capacity 15503K, committed 15564K, reserved 1048576K
}
Event: 56.436 GC heap before
{Heap before GC invocations=43 (full 0):
 garbage-first heap   total 172032K, used 145404K [0x0000000080000000, 0x0000000100000000)
  region size 1024K, 34 young (34816K), 4 survivors (4096K)
 Metaspace       used 116252K, capacity 119367K, committed 119580K, reserved 1153024K
  class space    used 14501K, capacity 15581K, committed 15692K, reserved 1048576K
}
Event: 56.452 GC heap after
{Heap after GC invocations=44 (full 0):
 garbage-first heap   total 172032K, used 117261K [0x0000000080000000, 0x0000000100000000)
  region size 1024K, 2 young (2048K), 2 survivors (2048K)
 Metaspace       used 116252K, capacity 119367K, committed 119580K, reserved 1153024K
  class space    used 14501K, capacity 15581K, committed 15692K, reserved 1048576K
}
Event: 57.451 GC heap before
{Heap before GC invocations=45 (full 0):
 garbage-first heap   total 172032K, used 145933K [0x0000000080000000, 0x0000000100000000)
  region size 1024K, 31 young (31744K), 2 survivors (2048K)
 Metaspace       used 116909K, capacity 119925K, committed 120092K, reserved 1153024K
  class space    used 14548K, capacity 15611K, committed 15692K, reserved 1048576K
}
Event: 57.459 GC heap after
{Heap after GC invocations=46 (full 0):
 garbage-first heap   total 172032K, used 118233K [0x0000000080000000, 0x0000000100000000)
  region size 1024K, 3 young (3072K), 3 survivors (3072K)
 Metaspace       used 116909K, capacity 119925K, committed 120092K, reserved 1153024K
  class space    used 14548K, capacity 15611K, committed 15692K, reserved 1048576K
}
Event: 57.557 GC heap before
{Heap before GC invocations=46 (full 0):
 garbage-first heap   total 172032K, used 122329K [0x0000000080000000, 0x0000000100000000)
  region size 1024K, 8 young (8192K), 3 survivors (3072K)
 Metaspace       used 116960K, capacity 120034K, committed 120348K, reserved 1155072K
  class space    used 14555K, capacity 15625K, committed 15692K, reserved 1048576K
}
Event: 57.568 GC heap after
{Heap after GC invocations=47 (full 0):
 garbage-first heap   total 172032K, used 115329K [0x0000000080000000, 0x0000000100000000)
  region size 1024K, 1 young (1024K), 1 survivors (1024K)
 Metaspace       used 116960K, capacity 120034K, committed 120348K, reserved 1155072K
  class space    used 14555K, capacity 15625K, committed 15692K, reserved 1048576K
}
Event: 60.109 GC heap before
{Heap before GC invocations=47 (full 0):
 garbage-first heap   total 172032K, used 145025K [0x0000000080000000, 0x0000000100000000)
  region size 1024K, 31 young (31744K), 1 survivors (1024K)
 Metaspace       used 117049K, capacity 120101K, committed 120348K, reserved 1155072K
  class space    used 14564K, capacity 15626K, committed 15692K, reserved 1048576K
}
Event: 60.116 GC heap after
{Heap after GC invocations=48 (full 0):
 garbage-first heap   total 172032K, used 115815K [0x0000000080000000, 0x0000000100000000)
  region size 1024K, 2 young (2048K), 2 survivors (2048K)
 Metaspace       used 117049K, capacity 120101K, committed 120348K, reserved 1155072K
  class space    used 14564K, capacity 15626K, committed 15692K, reserved 1048576K
}
Event: 62.855 GC heap before
{Heap before GC invocations=49 (full 0):
 garbage-first heap   total 172032K, used 145511K [0x0000000080000000, 0x0000000100000000)
  region size 1024K, 32 young (32768K), 2 survivors (2048K)
 Metaspace       used 117220K, capacity 120269K, committed 120604K, reserved 1155072K
  class space    used 14555K, capacity 15589K, committed 15692K, reserved 1048576K
}
Event: 62.869 GC heap after
{Heap after GC invocations=50 (full 0):
 garbage-first heap   total 172032K, used 116671K [0x0000000080000000, 0x0000000100000000)
  region size 1024K, 2 young (2048K), 2 survivors (2048K)
 Metaspace       used 117220K, capacity 120269K, committed 120604K, reserved 1155072K
  class space    used 14555K, capacity 15589K, committed 15692K, reserved 1048576K
}
Event: 63.885 GC heap before
{Heap before GC invocations=50 (full 0):
 garbage-first heap   total 172032K, used 122815K [0x0000000080000000, 0x0000000100000000)
  region size 1024K, 8 young (8192K), 2 survivors (2048K)
 Metaspace       used 117240K, capacity 120269K, committed 120604K, reserved 1155072K
  class space    used 14556K, capacity 15589K, committed 15692K, reserved 1048576K
}
Event: 63.894 GC heap after
{Heap after GC invocations=51 (full 0):
 garbage-first heap   total 172032K, used 116100K [0x0000000080000000, 0x0000000100000000)
  region size 1024K, 1 young (1024K), 1 survivors (1024K)
 Metaspace       used 117240K, capacity 120269K, committed 120604K, reserved 1155072K
  class space    used 14556K, capacity 15589K, committed 15692K, reserved 1048576K
}
Event: 480.125 GC heap before
{Heap before GC invocations=51 (full 0):
 garbage-first heap   total 172032K, used 146820K [0x0000000080000000, 0x0000000100000000)
  region size 1024K, 31 young (31744K), 1 survivors (1024K)
 Metaspace       used 117565K, capacity 120741K, committed 120860K, reserved 1155072K
  class space    used 14577K, capacity 15622K, committed 15692K, reserved 1048576K
}
Event: 480.134 GC heap after
{Heap after GC invocations=52 (full 0):
 garbage-first heap   total 172032K, used 117116K [0x0000000080000000, 0x0000000100000000)
  region size 1024K, 2 young (2048K), 2 survivors (2048K)
 Metaspace       used 117565K, capacity 120741K, committed 120860K, reserved 1155072K
  class space    used 14577K, capacity 15622K, committed 15692K, reserved 1048576K
}
Event: 481.244 GC heap before
{Heap before GC invocations=53 (full 0):
 garbage-first heap   total 172032K, used 145788K [0x0000000080000000, 0x0000000100000000)
  region size 1024K, 31 young (31744K), 2 survivors (2048K)
 Metaspace       used 118049K, capacity 121276K, committed 121500K, reserved 1155072K
  class space    used 14624K, capacity 15720K, committed 15820K, reserved 1048576K
}
Event: 481.256 GC heap after
{Heap after GC invocations=54 (full 0):
 garbage-first heap   total 172032K, used 120426K [0x0000000080000000, 0x0000000100000000)
  region size 1024K, 4 young (4096K), 4 survivors (4096K)
 Metaspace       used 118049K, capacity 121276K, committed 121500K, reserved 1155072K
  class space    used 14624K, capacity 15720K, committed 15820K, reserved 1048576K
}
Event: 481.411 GC heap before
{Heap before GC invocations=54 (full 0):
 garbage-first heap   total 172032K, used 124522K [0x0000000080000000, 0x0000000100000000)
  region size 1024K, 8 young (8192K), 4 survivors (4096K)
 Metaspace       used 118256K, capacity 121431K, committed 121756K, reserved 1155072K
  class space    used 14643K, capacity 15726K, committed 15820K, reserved 1048576K
}
Event: 481.425 GC heap after
{Heap after GC invocations=55 (full 0):
 garbage-first heap   total 172032K, used 120535K [0x0000000080000000, 0x0000000100000000)
  region size 1024K, 1 young (1024K), 1 survivors (1024K)
 Metaspace       used 118256K, capacity 121431K, committed 121756K, reserved 1155072K
  class space    used 14643K, capacity 15726K, committed 15820K, reserved 1048576K
}

